<?xml version="1.0" encoding="UTF-8"?>
<testsuite xmlns:xsi="http://www.w3.org/2001/XMLSchema-instance" xsi:noNamespaceSchemaLocation="https://maven.apache.org/surefire/maven-surefire-plugin/xsd/surefire-test-report-3.0.xsd" version="3.0" name="com.project.ProjectApplicationTests" time="12.107" tests="1" errors="0" skipped="0" failures="0">
  <properties>
[...]
</properties>
  <testcase name="contextLoads" classname="com.project.ProjectApplicationTests" time="0.821">
    <system-out><![CDATA[21:57:18.214 [main] INFO org.springframework.test.context.support.AnnotationConfigContextLoaderUtils -- Could not detect default configuration classes for test class [com.project.ProjectApplicationTests]: ProjectApplicationTests does not declare any static, non-private, non-final, nested classes annotated with @Configuration.
21:57:18.436 [main] INFO org.springframework.boot.test.context.SpringBootTestContextBootstrapper -- Found @SpringBootConfiguration com.project.ProjectApplication for test class com.project.ProjectApplicationTests
21:57:18.825 [main] INFO org.springframework.boot.devtools.restart.RestartApplicationListener -- Restart disabled due to context in which it is running

  .   ____          _            __ _ _
 /\\ / ___'_ __ _ _(_)_ __  __ _ \ \ \ \
( ( )\___ | '_ | '_| | '_ \/ _` | \ \ \ \
 \\/  ___)| |_)| | | | | || (_| |  ) ) ) )
  '  |____| .__|_| |_|_| |_\__, | / / / /
 =========|_|==============|___/=/_/_/_/

 :: Spring Boot ::                (v3.3.4)

2024-11-08T21:57:19.366+05:30  INFO 18872 --- [Project] [           main] com.project.ProjectApplicationTests      : Starting ProjectApplicationTests using Java 17.0.2 with PID 18872 (started by arjun in C:\Users\arjun\Downloads\spring-tool-suite-4-4.24.0.RELEASE-e4.32.0-win32.win32.x86_64.self-extracting\contents\sts-4.24.0.RELEASE\finance_tracker\Project)
2024-11-08T21:57:19.370+05:30  INFO 18872 --- [Project] [           main] com.project.ProjectApplicationTests      : No active profile set, falling back to 1 default profile: "default"
2024-11-08T21:57:21.133+05:30  INFO 18872 --- [Project] [           main] .s.d.r.c.RepositoryConfigurationDelegate : Bootstrapping Spring Data JPA repositories in DEFAULT mode.
2024-11-08T21:57:21.290+05:30  INFO 18872 --- [Project] [           main] .s.d.r.c.RepositoryConfigurationDelegate : Finished Spring Data repository scanning in 137 ms. Found 3 JPA repository interfaces.
2024-11-08T21:57:22.236+05:30  INFO 18872 --- [Project] [           main] o.hibernate.jpa.internal.util.LogHelper  : HHH000204: Processing PersistenceUnitInfo [name: default]
2024-11-08T21:57:22.377+05:30  INFO 18872 --- [Project] [           main] org.hibernate.Version                    : HHH000412: Hibernate ORM core version 6.5.3.Final
2024-11-08T21:57:22.473+05:30  INFO 18872 --- [Project] [           main] o.h.c.internal.RegionFactoryInitiator    : HHH000026: Second-level cache disabled
2024-11-08T21:57:23.297+05:30  INFO 18872 --- [Project] [           main] o.s.o.j.p.SpringPersistenceUnitInfo      : No LoadTimeWeaver setup: ignoring JPA class transformer
2024-11-08T21:57:23.376+05:30  INFO 18872 --- [Project] [           main] com.zaxxer.hikari.HikariDataSource       : HikariPool-1 - Starting...
2024-11-08T21:57:23.819+05:30  INFO 18872 --- [Project] [           main] com.zaxxer.hikari.pool.HikariPool        : HikariPool-1 - Added connection org.postgresql.jdbc.PgConnection@7433ca19
2024-11-08T21:57:23.824+05:30  INFO 18872 --- [Project] [           main] com.zaxxer.hikari.HikariDataSource       : HikariPool-1 - Start completed.
2024-11-08T21:57:23.930+05:30  WARN 18872 --- [Project] [           main] org.hibernate.orm.deprecation            : HHH90000025: PostgreSQLDialect does not need to be specified explicitly using 'hibernate.dialect' (remove the property setting and it will be selected by default)
2024-11-08T21:57:25.668+05:30  INFO 18872 --- [Project] [           main] o.h.e.t.j.p.i.JtaPlatformInitiator       : HHH000489: No JTA platform available (set 'hibernate.transaction.jta.platform' to enable JTA platform integration)
2024-11-08T21:57:25.889+05:30  INFO 18872 --- [Project] [           main] j.LocalContainerEntityManagerFactoryBean : Initialized JPA EntityManagerFactory for persistence unit 'default'
2024-11-08T21:57:26.873+05:30  WARN 18872 --- [Project] [           main] JpaBaseConfiguration$JpaWebConfiguration : spring.jpa.open-in-view is enabled by default. Therefore, database queries may be performed during view rendering. Explicitly configure spring.jpa.open-in-view to disable this warning
2024-11-08T21:57:28.891+05:30  INFO 18872 --- [Project] [           main] com.project.ProjectApplicationTests      : Started ProjectApplicationTests in 10.098 seconds (process running for 13.056)
]]></system-out>
  </testcase>
</testsuite>